<?xml version="1.0" encoding="UTF-8"?>
<!-- Generated by org.testng.reporters.JUnitXMLReporter -->
<testsuite ignored="1" hostname="DESKTOP-HO3NPSQ" failures="0" tests="2" name="Test" time="0.076" errors="0" timestamp="2021-05-28T11:07:52 IST">
  <testcase classname="selenium.testng.EmployeeTest" name="employeeLogout" time="0.01"/>
  <testcase classname="selenium.testng.EmployeeTest" name="employeeSignup" time="0.005"/>
  <testcase classname="selenium.testng.EmployeeTest" name="testemployeeLogin" time="0.0">
    <ignored/>
  </testcase> <!-- testemployeeLogin -->
</testsuite> <!-- Test -->
